<?xml version="1.0" encoding="UTF-8"?>
<!-- Generated by org.testng.reporters.JUnitReportReporter -->
<testsuite hostname="DESKTOP-K42ITB2" failures="0" tests="1" name="com.bank_3k.qa.testcasses.verifyHomePageTest" time="34.990" errors="0" timestamp="2023-02-25T16:50:05 IST" skipped="0">
  <testcase classname="com.bank_3k.qa.testcasses.verifyHomePageTest" name="verifyHomepageTitleTest" time="34.990"/>
  <system-out/>
</testsuite> <!-- com.bank_3k.qa.testcasses.verifyHomePageTest -->
