<?xml version="1.0" encoding="UTF-8"?>
<!-- Generated by org.testng.reporters.JUnitReportReporter -->
<testsuite hostname="DESKTOP-K42ITB2" failures="0" tests="4" name="com.bank_3k.qa.testcasses.LoginsTest" time="55.244" errors="0" timestamp="2023-02-26T19:19:08 IST" skipped="0">
  <testcase classname="com.bank_3k.qa.testcasses.LoginsTest" name="validLoginTest" time="18.529"/>
  <system-out/>
  <testcase classname="com.bank_3k.qa.testcasses.LoginsTest" name="invalidUseridLoginTest" time="12.279"/>
  <system-out/>
  <testcase classname="com.bank_3k.qa.testcasses.LoginsTest" name="invalidPasswordLoginTest" time="11.838"/>
  <system-out/>
  <testcase classname="com.bank_3k.qa.testcasses.LoginsTest" name="invalidLoginTest" time="12.598"/>
  <system-out/>
</testsuite> <!-- com.bank_3k.qa.testcasses.LoginsTest -->
